<?xml version="1.0" encoding="UTF-8"?>
<!-- Generated by org.testng.reporters.JUnitXMLReporter -->
<testsuite ignored="0" hostname="LAPTOP-9RRIAG2H" failures="1" tests="1" name="chromeTest" time="50.28" errors="0" timestamp="2025-10-05T17:08:13 IST">
  <testcase classname="testCases.TC002_VerifyLogin" name="verifyLogin" time="10.136">
    <failure type="java.lang.AssertionError" message="null">
      <![CDATA[java.lang.AssertionError: null
at testCases.TC002_VerifyLogin.verifyLogin(TC002_VerifyLogin.java:30)
at java.base/java.util.ArrayList.forEach(ArrayList.java:1596)
... Removed 27 stack frames]]>
    </failure>
  </testcase> <!-- verifyLogin -->
</testsuite> <!-- chromeTest -->
