<?xml version="1.0" encoding="UTF-8"?>
<!-- Generated by org.testng.reporters.JUnitXMLReporter -->
<testsuite ignored="0" hostname="LAPTOP-9RRIAG2H" failures="0" tests="1" name="firefoxTest" time="36.13" errors="0" timestamp="2025-10-05T17:07:21 IST">
  <testcase classname="testBase.BaseTest" name="@BeforeClass setUp" time="35.75">
    <failure type="org.openqa.selenium.WebDriverException" message="Reached error page: about:neterror?e=netTimeout&amp;amp;u=https%3A//tutorialsninja.com/demo/&amp;amp;c=UTF-8&amp;amp;d=The%20server%20at%20tutorialsninja.com%20is%20taking%20too%20long%20to%20respond.
Build info: version: &amp;apos;4.35.0&amp;apos;, revision: &amp;apos;1c58e5028b&amp;apos;
System info: os.name: &amp;apos;Windows 11&amp;apos;, os.arch: &amp;apos;amd64&amp;apos;, os.version: &amp;apos;10.0&amp;apos;, java.version: &amp;apos;21.0.2&amp;apos;
Driver info: org.openqa.selenium.remote.RemoteWebDriver
Command: [6f0b8618-e268-4946-8b90-a81042824efb, get {url=https://tutorialsninja.com/demo/}]
Capabilities {acceptInsecureCerts: false, browserName: firefox, browserVersion: 143.0.4, container:hostname: 6b4054c2cfe5, moz:accessibilityChecks: false, moz:buildID: 20251003115653, moz:geckodriverVersion: 0.36.0, moz:headless: false, moz:platformVersion: 6.6.87.2-microsoft-standard..., moz:processID: 577, moz:profile: /tmp/rust_mozprofilegfzMAN, moz:shutdownTimeout: 60000, moz:webdriverClick: true, moz:windowless: false, pageLoadStrategy: normal, platformName: linux, proxy: Proxy(), se:bidiEnabled: false, se:cdpEnabled: false, se:containerName: 6b4054c2cfe5, se:deleteSessionOnUi: true, se:downloadsEnabled: true, se:noVncPort: 7900, se:vnc: ws://172.18.0.4:4444/sessio..., se:vncEnabled: true, se:vncLocalAddress: ws://172.18.0.4:7900, setWindowRect: true, strictFileInteractability: false, timeouts: {implicit: 0, pageLoad: 300000, script: 30000}, unhandledPromptBehavior: dismiss and notify, userAgent: Mozilla/5.0 (X11; Linux x86...}
Session ID: 6f0b8618-e268-4946-8b90-a81042824efb">
      <![CDATA[org.openqa.selenium.WebDriverException: Reached error page: about:neterror?e=netTimeout&u=https%3A//tutorialsninja.com/demo/&c=UTF-8&d=The%20server%20at%20tutorialsninja.com%20is%20taking%20too%20long%20to%20respond.
Build info: version: '4.35.0', revision: '1c58e5028b'
System info: os.name: 'Windows 11', os.arch: 'amd64', os.version: '10.0', java.version: '21.0.2'
Driver info: org.openqa.selenium.remote.RemoteWebDriver
Command: [6f0b8618-e268-4946-8b90-a81042824efb, get {url=https://tutorialsninja.com/demo/}]
Capabilities {acceptInsecureCerts: false, browserName: firefox, browserVersion: 143.0.4, container:hostname: 6b4054c2cfe5, moz:accessibilityChecks: false, moz:buildID: 20251003115653, moz:geckodriverVersion: 0.36.0, moz:headless: false, moz:platformVersion: 6.6.87.2-microsoft-standard..., moz:processID: 577, moz:profile: /tmp/rust_mozprofilegfzMAN, moz:shutdownTimeout: 60000, moz:webdriverClick: true, moz:windowless: false, pageLoadStrategy: normal, platformName: linux, proxy: Proxy(), se:bidiEnabled: false, se:cdpEnabled: false, se:containerName: 6b4054c2cfe5, se:deleteSessionOnUi: true, se:downloadsEnabled: true, se:noVncPort: 7900, se:vnc: ws://172.18.0.4:4444/sessio..., se:vncEnabled: true, se:vncLocalAddress: ws://172.18.0.4:7900, setWindowRect: true, strictFileInteractability: false, timeouts: {implicit: 0, pageLoad: 300000, script: 30000}, unhandledPromptBehavior: dismiss and notify, userAgent: Mozilla/5.0 (X11; Linux x86...}
Session ID: 6f0b8618-e268-4946-8b90-a81042824efb
at org.openqa.selenium.remote.ErrorCodec.decode(ErrorCodec.java:167)
at org.openqa.selenium.remote.codec.w3c.W3CHttpResponseCodec.decode(W3CHttpResponseCodec.java:138)
at org.openqa.selenium.remote.codec.w3c.W3CHttpResponseCodec.decode(W3CHttpResponseCodec.java:50)
at org.openqa.selenium.remote.HttpCommandExecutor.execute(HttpCommandExecutor.java:215)
at org.openqa.selenium.remote.TracedCommandExecutor.execute(TracedCommandExecutor.java:53)
at org.openqa.selenium.remote.RemoteWebDriver.execute(RemoteWebDriver.java:557)
at org.openqa.selenium.remote.RemoteWebDriver.get(RemoteWebDriver.java:325)
at testBase.BaseTest.setUp(BaseTest.java:66)
at java.base/java.util.ArrayList.forEach(ArrayList.java:1596)
... Removed 26 stack frames]]>
    </failure>
  </testcase> <!-- @BeforeClass setUp -->
  <testcase classname="testBase.BaseTest" name="@AfterClass tearDown" time="-1.759664241067E9">
    <skipped/>
  </testcase> <!-- @AfterClass tearDown -->
  <testcase classname="testCases.TC002_VerifyLogin" name="verifyLogin" time="0.0">
    <skipped/>
  </testcase> <!-- verifyLogin -->
</testsuite> <!-- firefoxTest -->
