<?xml version="1.0" encoding="UTF-8"?>
<testng-results ignored="0" total="2" passed="2" failed="0" skipped="0">
  <reporter-output>
  </reporter-output>
  <suite started-at="2025-10-05T19:59:43 IST" name="Suite" finished-at="2025-10-05T20:00:13 IST" duration-ms="30241">
    <groups>
      <group name="regression">
        <method signature="TC002_VerifyLogin.verifyLogin()[pri:0, instance:testCases.TC002_VerifyLogin@7582ff54]" name="verifyLogin" class="testCases.TC002_VerifyLogin"/>
      </group> <!-- regression -->
      <group name="sanity">
        <method signature="TC001_UserRegestration.verifyRegestartion()[pri:0, instance:testCases.TC001_UserRegestration@7a55af6b]" name="verifyRegestartion" class="testCases.TC001_UserRegestration"/>
      </group> <!-- sanity -->
      <group name="master">
        <method signature="TC001_UserRegestration.verifyRegestartion()[pri:0, instance:testCases.TC001_UserRegestration@7a55af6b]" name="verifyRegestartion" class="testCases.TC001_UserRegestration"/>
        <method signature="TC002_VerifyLogin.verifyLogin()[pri:0, instance:testCases.TC002_VerifyLogin@7582ff54]" name="verifyLogin" class="testCases.TC002_VerifyLogin"/>
      </group> <!-- master -->
    </groups>
    <test started-at="2025-10-05T19:59:43 IST" name="Test" finished-at="2025-10-05T20:00:13 IST" duration-ms="30241">
      <class name="testCases.TC001_UserRegestration">
        <test-method is-config="true" signature="setUp(java.lang.String,java.lang.String)[pri:0, instance:testCases.TC001_UserRegestration@7a55af6b]" started-at="2025-10-05T19:59:43 IST" name="setUp" finished-at="2025-10-05T19:59:48 IST" duration-ms="5236" status="PASS">
          <params>
            <param index="0">
              <value>
                <![CDATA[windows]]>
              </value>
            </param>
            <param index="1">
              <value>
                <![CDATA[chrome]]>
              </value>
            </param>
          </params>
          <reporter-output>
          </reporter-output>
        </test-method> <!-- setUp -->
        <test-method signature="verifyRegestartion()[pri:0, instance:testCases.TC001_UserRegestration@7a55af6b]" started-at="2025-10-05T19:59:48 IST" name="verifyRegestartion" finished-at="2025-10-05T19:59:54 IST" duration-ms="5576" status="PASS">
          <reporter-output>
          </reporter-output>
        </test-method> <!-- verifyRegestartion -->
        <test-method is-config="true" signature="tearDown()[pri:0, instance:testCases.TC001_UserRegestration@7a55af6b]" started-at="2025-10-05T19:59:54 IST" name="tearDown" finished-at="2025-10-05T19:59:54 IST" duration-ms="420" status="PASS">
          <reporter-output>
          </reporter-output>
        </test-method> <!-- tearDown -->
      </class> <!-- testCases.TC001_UserRegestration -->
      <class name="testCases.TC002_VerifyLogin">
        <test-method is-config="true" signature="setUp(java.lang.String,java.lang.String)[pri:0, instance:testCases.TC002_VerifyLogin@7582ff54]" started-at="2025-10-05T19:59:54 IST" name="setUp" finished-at="2025-10-05T20:00:10 IST" duration-ms="16000" status="PASS">
          <params>
            <param index="0">
              <value>
                <![CDATA[windows]]>
              </value>
            </param>
            <param index="1">
              <value>
                <![CDATA[chrome]]>
              </value>
            </param>
          </params>
          <reporter-output>
          </reporter-output>
        </test-method> <!-- setUp -->
        <test-method signature="verifyLogin()[pri:0, instance:testCases.TC002_VerifyLogin@7582ff54]" started-at="2025-10-05T20:00:10 IST" name="verifyLogin" finished-at="2025-10-05T20:00:13 IST" duration-ms="2187" status="PASS">
          <reporter-output>
          </reporter-output>
        </test-method> <!-- verifyLogin -->
        <test-method is-config="true" signature="tearDown()[pri:0, instance:testCases.TC002_VerifyLogin@7582ff54]" started-at="2025-10-05T20:00:13 IST" name="tearDown" finished-at="2025-10-05T20:00:13 IST" duration-ms="382" status="PASS">
          <reporter-output>
          </reporter-output>
        </test-method> <!-- tearDown -->
      </class> <!-- testCases.TC002_VerifyLogin -->
    </test> <!-- Test -->
  </suite> <!-- Suite -->
</testng-results>
